<?xml version="1.0" encoding="UTF-8"?>
<!-- Generated by org.testng.reporters.JUnitReportReporter -->
<testsuite skipped="0" hostname="DESKTOP-RKPLT57" name="com.test.project.ClassA" tests="1" failures="0" timestamp="2020-12-25T17:07:16 IST" time="0.045" errors="0">
  <testcase name="method" time="0.045" classname="com.test.project.ClassA"/>
  <system-out/>
</testsuite> <!-- com.test.project.ClassA -->
